2023-01-03 12:19:02 +0000  Initial pipeline context: <IDEDistributionProcessingPipelineContext: 0x2beeed510; archive(resolved)="<IDEArchive: 0x600015ec7180>", distributionTask(resolved)="2", distributionDestination(resolved)="1", distributionMethod(resolved)="<IDEDistributionMethodDevelopmentSigned: 0x60002389aa60>", team(resolved)="<IDEProvisioningDisambiguatableBasicTeam: 0x60000a7efe80; teamID='8LTN4Q26AJ', teamName='Maharashtra Metro Rail Corp Ltd', teamType='Company', username='pankaj.yadav@mahametro.org', isFreeProvisioningTeam='0'>">
	Chain (14, self inclusive):
	<IDEDistributionProcessingPipelineContext: 0x2beeed510; archive = "<IDEArchive: 0x600015ec7180>", distributionMethod="<IDEDistributionMethodDevelopmentSigned: 0x60002389aa60>", team="<IDEProvisioningDisambiguatableBasicTeam: 0x60000a7efe80; teamID='8LTN4Q26AJ', teamName='Maharashtra Metro Rail Corp Ltd', teamType='Company', username='pankaj.yadav@mahametro.org', isFreeProvisioningTeam='0'>">
	<IDEDistributionProcessingPipelineContext: 0x2bfa77a40; archive = "<IDEArchive: 0x600015ec7180>", distributionMethod="<IDEDistributionMethodDevelopmentSigned: 0x60002389aa60>", team="<IDEProvisioningDisambiguatableBasicTeam: 0x60000a7efe80; teamID='8LTN4Q26AJ', teamName='Maharashtra Metro Rail Corp Ltd', teamType='Company', username='pankaj.yadav@mahametro.org', isFreeProvisioningTeam='0'>">
	<IDEDistributionContext: 0x3119cced0; archive = "<IDEArchive: 0x600015ec7180>", distributionMethod="<IDEDistributionMethodDevelopmentSigned: 0x60002389aa60>", team="<IDEProvisioningDisambiguatableBasicTeam: 0x60000a7efe80; teamID='8LTN4Q26AJ', teamName='Maharashtra Metro Rail Corp Ltd', teamType='Company', username='pankaj.yadav@mahametro.org', isFreeProvisioningTeam='0'>">
	<IDEDistributionContext: 0x311c73b80; archive = "<IDEArchive: 0x600015ec7180>", distributionMethod="<IDEDistributionMethodDevelopmentSigned: 0x60002389aa60>", team="<IDEProvisioningDisambiguatableBasicTeam: 0x60000a7efe80; teamID='8LTN4Q26AJ', teamName='Maharashtra Metro Rail Corp Ltd', teamType='Company', username='pankaj.yadav@mahametro.org', isFreeProvisioningTeam='0'>">
	<IDEDistributionContext: 0x317c50830; archive = "<IDEArchive: 0x600015ec7180>", distributionMethod="<IDEDistributionMethodDevelopmentSigned: 0x60002389aa60>", team="<IDEProvisioningDisambiguatableBasicTeam: 0x60000a7efe80; teamID='8LTN4Q26AJ', teamName='Maharashtra Metro Rail Corp Ltd', teamType='Company', username='pankaj.yadav@mahametro.org', isFreeProvisioningTeam='0'>">
	<IDEDistributionContext: 0x2c47bb650; archive = "<IDEArchive: 0x600015ec7180>", distributionMethod="<IDEDistributionMethodDevelopmentSigned: 0x60002389aa60>", team="<IDEProvisioningDisambiguatableBasicTeam: 0x60000a7efe80; teamID='8LTN4Q26AJ', teamName='Maharashtra Metro Rail Corp Ltd', teamType='Company', username='pankaj.yadav@mahametro.org', isFreeProvisioningTeam='0'>">
	<IDEDistributionContext: 0x2c5824920; archive = "<IDEArchive: 0x600015ec7180>", distributionMethod="<IDEDistributionMethodDevelopmentSigned: 0x60002389aa60>", team="<IDEProvisioningDisambiguatableBasicTeam: 0x60000a7efe80; teamID='8LTN4Q26AJ', teamName='Maharashtra Metro Rail Corp Ltd', teamType='Company', username='pankaj.yadav@mahametro.org', isFreeProvisioningTeam='0'>">
	<IDEDistributionContext: 0x2c3ebfb10; archive = "<IDEArchive: 0x600015ec7180>", distributionMethod="<IDEDistributionMethodDevelopmentSigned: 0x60002389aa60>", team="<IDEProvisioningDisambiguatableBasicTeam: 0x60000a7efe80; teamID='8LTN4Q26AJ', teamName='Maharashtra Metro Rail Corp Ltd', teamType='Company', username='pankaj.yadav@mahametro.org', isFreeProvisioningTeam='0'>">
	<IDEDistributionContext: 0x2c1f86d40; archive = "<IDEArchive: 0x600015ec7180>", distributionMethod="<IDEDistributionMethodDevelopmentSigned: 0x60002389aa60>", team="<IDEProvisioningDisambiguatableBasicTeam: 0x60000a7efe80; teamID='8LTN4Q26AJ', teamName='Maharashtra Metro Rail Corp Ltd', teamType='Company', username='pankaj.yadav@mahametro.org', isFreeProvisioningTeam='0'>">
	<IDEDistributionContext: 0x122be5b20; archive = "<IDEArchive: 0x600015ec7180>", distributionMethod="<IDEDistributionMethodDevelopmentSigned: 0x60002389aa60>", team="(null)">
	<IDEDistributionContext: 0x2c60085c0; archive = "<IDEArchive: 0x600015ec7180>", distributionMethod="<IDEDistributionMethodDevelopmentSigned: 0x60002389aa60>", team="(null)">
	<IDEDistributionContext: 0x2c608a740; archive = "<IDEArchive: 0x600015ec7180>", distributionMethod="<IDEDistributionMethodDevelopmentSigned: 0x60002389aa60>", team="(null)">
	<IDEDistributionContext: 0x122c70590; archive = "<IDEArchive: 0x600015ec7180>", distributionMethod="<IDEDistributionMethodDevelopmentSigned: 0x60002389aa60>", team="(null)">
	<IDEDistributionContext: 0x2bded2fb0; archive = "<IDEArchive: 0x600015ec7180>", distributionMethod="(null)", team="(null)">
</IDEDistributionProcessingPipelineContext: 0x2beeed510>
2023-01-03 12:19:02 +0000  Processing step: IDEDistributionCreateDestRootStep
2023-01-03 12:19:02 +0000  Processing step: IDEDistributionCopyItemStep
2023-01-03 12:19:02 +0000  Running /usr/bin/ditto '-V' '/Users/abhayjeetsingh/Library/Developer/Xcode/Archives/2023-01-03/FutalaLake 03-01-23, 5.48 PM.xcarchive/Products/Applications/FutalaLake.app' '/var/folders/y8/psk8b24x2x508wz2mwszt4bc0000gp/T/XcodeDistPipeline.~~~thYJ2n/Root/Payload/FutalaLake.app'
2023-01-03 12:19:02 +0000  >>> Copying /Users/abhayjeetsingh/Library/Developer/Xcode/Archives/2023-01-03/FutalaLake 03-01-23, 5.48 PM.xcarchive/Products/Applications/FutalaLake.app 
2023-01-03 12:19:02 +0000  copying file ./_CodeSignature/CodeResources ... 
2023-01-03 12:19:02 +0000  2317 bytes for ./_CodeSignature/CodeResources
2023-01-03 12:19:02 +0000  copying file ./FutalaLake ... 
2023-01-03 12:19:02 +0000  634880 bytes for ./FutalaLake
2023-01-03 12:19:02 +0000  copying file ./Assets.car ... 
2023-01-03 12:19:02 +0000  2230495 bytes for ./Assets.car
2023-01-03 12:19:02 +0000  copying file ./embedded.mobileprovision ... 
21552 bytes for ./embedded.mobileprovision
copying file ./Info.plist ... 
1214 bytes for ./Info.plist
copying file ./PkgInfo ... 
2023-01-03 12:19:02 +0000  8 bytes for ./PkgInfo
2023-01-03 12:19:02 +0000  /usr/bin/ditto exited with 0
2023-01-03 12:19:02 +0000  Processing step: IDEDistributionEmbedProfileStep
2023-01-03 12:19:02 +0000  Processing step: IDEDistributionInfoPlistStep
2023-01-03 12:19:02 +0000  Skipping step: IDEDistributionInfoPlistStep because it said so
2023-01-03 12:19:02 +0000  Processing step: IDEDistributionAppThinningPlistStep
2023-01-03 12:19:02 +0000  Skipping step: IDEDistributionAppThinningPlistStep because it said so
2023-01-03 12:19:02 +0000  Processing step: IDEDistributionCompileBitcodeStep
2023-01-03 12:19:02 +0000  Skipping step: IDEDistributionCompileBitcodeStep because it said so
2023-01-03 12:19:02 +0000  Processing step: IDEDistributionCodeSlimmingStep
2023-01-03 12:19:02 +0000  Processing step: IDEDistributionCopyBCSymbolMapsStep
2023-01-03 12:19:02 +0000  Skipping step: IDEDistributionCopyBCSymbolMapsStep because it said so
2023-01-03 12:19:02 +0000  Processing step: IDEDistributionSymbolsStep
2023-01-03 12:19:02 +0000  Skipping step: IDEDistributionSymbolsStep because it said so
2023-01-03 12:19:02 +0000  Processing step: IDEDistributionAppThinningStep
2023-01-03 12:19:02 +0000  Skipping step: IDEDistributionAppThinningStep because it said so
2023-01-03 12:19:02 +0000  Processing step: IDEDistributionArchThinningStep
2023-01-03 12:19:02 +0000  Running /Applications/Xcode.app/Contents/Developer/Toolchains/XcodeDefault.xctoolchain/usr/bin/lipo '/var/folders/y8/psk8b24x2x508wz2mwszt4bc0000gp/T/XcodeDistPipeline.~~~thYJ2n/Root/Payload/FutalaLake.app/FutalaLake' '-verify_arch' 'arm64e'
2023-01-03 12:19:02 +0000  /Applications/Xcode.app/Contents/Developer/Toolchains/XcodeDefault.xctoolchain/usr/bin/lipo exited with 1
2023-01-03 12:19:02 +0000  Skipping architecture thinning for item "FutalaLake" because arch "arm64e" wasn't found
2023-01-03 12:19:02 +0000  Processing step: IDEDistributionODRStep
2023-01-03 12:19:02 +0000  Processing step: IDEDistributionStripXattrsStep
2023-01-03 12:19:02 +0000  Running /usr/bin/xattr '-crs' '/var/folders/y8/psk8b24x2x508wz2mwszt4bc0000gp/T/XcodeDistPipeline.~~~thYJ2n/Root/Payload/FutalaLake.app'
2023-01-03 12:19:02 +0000  /usr/bin/xattr exited with 0
2023-01-03 12:19:02 +0000  Processing step: IDEDistributionCodesignStep
2023-01-03 12:19:02 +0000  Entitlements for <IDEDistributionItem: 0x600015f773c0; bundleID='test.FutalaLake', path='<DVTFilePath:0x600015224770:'/Users/abhayjeetsingh/Library/Developer/Xcode/Archives/2023-01-03/FutalaLake 03-01-23, 5.48 PM.xcarchive/Products/Applications/FutalaLake.app'>', codeSigningInfo='<_DVTCodeSigningInformation_Path: 0x6000258e9fe0; isSigned='1', isAdHocSigned='0', signingCertificate='<DVTSigningCertificate: 0x600008c744d0; name='Apple Development: Pankaj Yadav (SS3W45D93C)', hash='C39FC4EC71CDE1D5DA1D7F77AC35695ECB4F8F7D', serialNumber='76782B41A8F4DA69123A664E0676F35B', certificateKinds='(
    "1.2.840.113635.100.6.1.12",
    "1.2.840.113635.100.6.1.2"
), issueDate='2022-12-01 05:24:52 +0000''>', entitlements='{
    "application-identifier" = "8LTN4Q26AJ.test.FutalaLake";
    "com.apple.developer.team-identifier" = 8LTN4Q26AJ;
    "get-task-allow" = 1;
}', teamID='8LTN4Q26AJ', identifier='test.FutalaLake', executablePath='<DVTFilePath:0x6000153a8bd0:'/Users/abhayjeetsingh/Library/Developer/Xcode/Archives/2023-01-03/FutalaLake 03-01-23, 5.48 PM.xcarchive/Products/Applications/FutalaLake.app/FutalaLake'>', hardenedRuntime='0'>'>: {
    "application-identifier" = "8LTN4Q26AJ.test.FutalaLake";
    "com.apple.developer.team-identifier" = 8LTN4Q26AJ;
    "get-task-allow" = 1;
}
2023-01-03 12:19:02 +0000  Entitlements for <IDEDistributionItem: 0x600015f773c0; bundleID='test.FutalaLake', path='<DVTFilePath:0x600015224770:'/Users/abhayjeetsingh/Library/Developer/Xcode/Archives/2023-01-03/FutalaLake 03-01-23, 5.48 PM.xcarchive/Products/Applications/FutalaLake.app'>', codeSigningInfo='<_DVTCodeSigningInformation_Path: 0x6000258e9fe0; isSigned='1', isAdHocSigned='0', signingCertificate='<DVTSigningCertificate: 0x600008c74580; name='Apple Development: Pankaj Yadav (SS3W45D93C)', hash='C39FC4EC71CDE1D5DA1D7F77AC35695ECB4F8F7D', serialNumber='76782B41A8F4DA69123A664E0676F35B', certificateKinds='(
    "1.2.840.113635.100.6.1.12",
    "1.2.840.113635.100.6.1.2"
), issueDate='2022-12-01 05:24:52 +0000''>', entitlements='{
    "application-identifier" = "8LTN4Q26AJ.test.FutalaLake";
    "com.apple.developer.team-identifier" = 8LTN4Q26AJ;
    "get-task-allow" = 1;
}', teamID='8LTN4Q26AJ', identifier='test.FutalaLake', executablePath='<DVTFilePath:0x6000153a8bd0:'/Users/abhayjeetsingh/Library/Developer/Xcode/Archives/2023-01-03/FutalaLake 03-01-23, 5.48 PM.xcarchive/Products/Applications/FutalaLake.app/FutalaLake'>', hardenedRuntime='0'>'> are: {
    "application-identifier" = "8LTN4Q26AJ.test.FutalaLake";
    "com.apple.developer.team-identifier" = 8LTN4Q26AJ;
    "get-task-allow" = 1;
}
2023-01-03 12:19:02 +0000  Writing entitlements for <IDEDistributionItem: 0x600015f773c0; bundleID='test.FutalaLake', path='<DVTFilePath:0x600015224770:'/Users/abhayjeetsingh/Library/Developer/Xcode/Archives/2023-01-03/FutalaLake 03-01-23, 5.48 PM.xcarchive/Products/Applications/FutalaLake.app'>', codeSigningInfo='<_DVTCodeSigningInformation_Path: 0x6000258e9fe0; isSigned='1', isAdHocSigned='0', signingCertificate='<DVTSigningCertificate: 0x600008c749a0; name='Apple Development: Pankaj Yadav (SS3W45D93C)', hash='C39FC4EC71CDE1D5DA1D7F77AC35695ECB4F8F7D', serialNumber='76782B41A8F4DA69123A664E0676F35B', certificateKinds='(
    "1.2.840.113635.100.6.1.12",
    "1.2.840.113635.100.6.1.2"
), issueDate='2022-12-01 05:24:52 +0000''>', entitlements='{
    "application-identifier" = "8LTN4Q26AJ.test.FutalaLake";
    "com.apple.developer.team-identifier" = 8LTN4Q26AJ;
    "get-task-allow" = 1;
}', teamID='8LTN4Q26AJ', identifier='test.FutalaLake', executablePath='<DVTFilePath:0x6000153a8bd0:'/Users/abhayjeetsingh/Library/Developer/Xcode/Archives/2023-01-03/FutalaLake 03-01-23, 5.48 PM.xcarchive/Products/Applications/FutalaLake.app/FutalaLake'>', hardenedRuntime='0'>'> to: /var/folders/y8/psk8b24x2x508wz2mwszt4bc0000gp/T/XcodeDistPipeline.~~~thYJ2n/entitlements~~~WjYRkN
2023-01-03 12:19:02 +0000  Running /usr/bin/codesign '-vvv' '--force' '--sign' 'C39FC4EC71CDE1D5DA1D7F77AC35695ECB4F8F7D' '--entitlements' '/var/folders/y8/psk8b24x2x508wz2mwszt4bc0000gp/T/XcodeDistPipeline.~~~thYJ2n/entitlements~~~WjYRkN' '--generate-entitlement-der' '--preserve-metadata=identifier,flags,runtime' '/var/folders/y8/psk8b24x2x508wz2mwszt4bc0000gp/T/XcodeDistPipeline.~~~thYJ2n/Root/Payload/FutalaLake.app'
2023-01-03 12:19:02 +0000  /var/folders/y8/psk8b24x2x508wz2mwszt4bc0000gp/T/XcodeDistPipeline.~~~thYJ2n/Root/Payload/FutalaLake.app: replacing existing signature
2023-01-03 12:19:02 +0000  /var/folders/y8/psk8b24x2x508wz2mwszt4bc0000gp/T/XcodeDistPipeline.~~~thYJ2n/Root/Payload/FutalaLake.app: signed app bundle with Mach-O thin (arm64) [test.FutalaLake]
2023-01-03 12:19:02 +0000  /usr/bin/codesign exited with 0
2023-01-03 12:19:02 +0000  Processing step: IDEDistributionZipODRItemStep
2023-01-03 12:19:02 +0000  Skipping step: IDEDistributionZipODRItemStep because it said so
2023-01-03 12:19:02 +0000  Processing step: IDEDistributionCreateIPAStep
2023-01-03 12:19:02 +0000  Running /usr/bin/ditto '-V' '-c' '-k' '--norsrc' '/var/folders/y8/psk8b24x2x508wz2mwszt4bc0000gp/T/XcodeDistPipeline.~~~thYJ2n/Root' '/var/folders/y8/psk8b24x2x508wz2mwszt4bc0000gp/T/XcodeDistPipeline.~~~thYJ2n/Packages/FutalaLake.ipa'
2023-01-03 12:19:02 +0000  >>> Copying /var/folders/y8/psk8b24x2x508wz2mwszt4bc0000gp/T/XcodeDistPipeline.~~~thYJ2n/Root 
2023-01-03 12:19:02 +0000  copying file ./Payload/FutalaLake.app/_CodeSignature/CodeResources ... 
2023-01-03 12:19:02 +0000  2317 bytes for ./Payload/FutalaLake.app/_CodeSignature/CodeResources
2023-01-03 12:19:02 +0000  copying file ./Payload/FutalaLake.app/FutalaLake ... 
2023-01-03 12:19:02 +0000  634880 bytes for ./Payload/FutalaLake.app/FutalaLake
2023-01-03 12:19:02 +0000  copying file ./Payload/FutalaLake.app/Assets.car ... 
2023-01-03 12:19:02 +0000  2230495 bytes for ./Payload/FutalaLake.app/Assets.car
2023-01-03 12:19:02 +0000  copying file ./Payload/FutalaLake.app/embedded.mobileprovision ... 
2023-01-03 12:19:02 +0000  21552 bytes for ./Payload/FutalaLake.app/embedded.mobileprovision
2023-01-03 12:19:02 +0000  copying file ./Payload/FutalaLake.app/Info.plist ... 
2023-01-03 12:19:02 +0000  1214 bytes for ./Payload/FutalaLake.app/Info.plist
2023-01-03 12:19:02 +0000  copying file ./Payload/FutalaLake.app/PkgInfo ... 
8 bytes for ./Payload/FutalaLake.app/PkgInfo
2023-01-03 12:19:02 +0000  /usr/bin/ditto exited with 0
2023-01-03 12:19:02 +0000  Processing step: IDEDistributionAppStoreInformationStep
2023-01-03 12:19:02 +0000  Skipping step: IDEDistributionAppStoreInformationStep because it said so
2023-01-03 12:19:02 +0000  Processing step: IDEDistributionGenerateProcessedDistributionItems
2023-01-03 12:19:02 +0000  IDEDistributionItem init <DVTFilePath:0x600015201260:'/var/folders/y8/psk8b24x2x508wz2mwszt4bc0000gp/T/XcodeDistPipeline.~~~thYJ2n/Root/Payload/FutalaLake.app'>
2023-01-03 12:19:02 +0000  Processing step: IDEDistributionCreateManifestStep
