2023-05-19 11:28:42 +0000  Initial pipeline context: <IDEDistributionProcessingPipelineContext: 0x51c7ce090; archive(resolved)="<IDEArchive: 0x6001f48d9080>", distributionTask(resolved)="2", distributionDestination(resolved)="1", distributionMethod(resolved)="<IDEDistributionMethodDevelopmentSigned: 0x6000b2f13a10>", team(resolved)="<IDEProvisioningDisambiguatableBasicTeam: 0x600003099d40; teamID='8LTN4Q26AJ', teamName='Maharashtra Metro Rail Corp Ltd', teamType='Company', username='pankaj.yadav@mahametro.org', isFreeProvisioningTeam='0'>">
	Chain (14, self inclusive):
	<IDEDistributionProcessingPipelineContext: 0x51c7ce090; archive = "<IDEArchive: 0x6001f48d9080>", distributionMethod="<IDEDistributionMethodDevelopmentSigned: 0x6000b2f13a10>", team="<IDEProvisioningDisambiguatableBasicTeam: 0x600003099d40; teamID='8LTN4Q26AJ', teamName='Maharashtra Metro Rail Corp Ltd', teamType='Company', username='pankaj.yadav@mahametro.org', isFreeProvisioningTeam='0'>">
	<IDEDistributionProcessingPipelineContext: 0x459a4c240; archive = "<IDEArchive: 0x6001f48d9080>", distributionMethod="<IDEDistributionMethodDevelopmentSigned: 0x6000b2f13a10>", team="<IDEProvisioningDisambiguatableBasicTeam: 0x600003099d40; teamID='8LTN4Q26AJ', teamName='Maharashtra Metro Rail Corp Ltd', teamType='Company', username='pankaj.yadav@mahametro.org', isFreeProvisioningTeam='0'>">
	<IDEDistributionContext: 0x459390e10; archive = "<IDEArchive: 0x6001f48d9080>", distributionMethod="<IDEDistributionMethodDevelopmentSigned: 0x6000b2f13a10>", team="<IDEProvisioningDisambiguatableBasicTeam: 0x600003099d40; teamID='8LTN4Q26AJ', teamName='Maharashtra Metro Rail Corp Ltd', teamType='Company', username='pankaj.yadav@mahametro.org', isFreeProvisioningTeam='0'>">
	<IDEDistributionContext: 0x459da59e0; archive = "<IDEArchive: 0x6001f48d9080>", distributionMethod="<IDEDistributionMethodDevelopmentSigned: 0x6000b2f13a10>", team="<IDEProvisioningDisambiguatableBasicTeam: 0x600003099d40; teamID='8LTN4Q26AJ', teamName='Maharashtra Metro Rail Corp Ltd', teamType='Company', username='pankaj.yadav@mahametro.org', isFreeProvisioningTeam='0'>">
	<IDEDistributionContext: 0x2f6c10800; archive = "<IDEArchive: 0x6001f48d9080>", distributionMethod="<IDEDistributionMethodDevelopmentSigned: 0x6000b2f13a10>", team="<IDEProvisioningDisambiguatableBasicTeam: 0x600003099d40; teamID='8LTN4Q26AJ', teamName='Maharashtra Metro Rail Corp Ltd', teamType='Company', username='pankaj.yadav@mahametro.org', isFreeProvisioningTeam='0'>">
	<IDEDistributionContext: 0x512d4ba30; archive = "<IDEArchive: 0x6001f48d9080>", distributionMethod="<IDEDistributionMethodDevelopmentSigned: 0x6000b2f13a10>", team="<IDEProvisioningDisambiguatableBasicTeam: 0x600003099d40; teamID='8LTN4Q26AJ', teamName='Maharashtra Metro Rail Corp Ltd', teamType='Company', username='pankaj.yadav@mahametro.org', isFreeProvisioningTeam='0'>">
	<IDEDistributionContext: 0x459d85ef0; archive = "<IDEArchive: 0x6001f48d9080>", distributionMethod="<IDEDistributionMethodDevelopmentSigned: 0x6000b2f13a10>", team="<IDEProvisioningDisambiguatableBasicTeam: 0x600003099d40; teamID='8LTN4Q26AJ', teamName='Maharashtra Metro Rail Corp Ltd', teamType='Company', username='pankaj.yadav@mahametro.org', isFreeProvisioningTeam='0'>">
	<IDEDistributionContext: 0x459d5d9c0; archive = "<IDEArchive: 0x6001f48d9080>", distributionMethod="<IDEDistributionMethodDevelopmentSigned: 0x6000b2f13a10>", team="<IDEProvisioningDisambiguatableBasicTeam: 0x600003099d40; teamID='8LTN4Q26AJ', teamName='Maharashtra Metro Rail Corp Ltd', teamType='Company', username='pankaj.yadav@mahametro.org', isFreeProvisioningTeam='0'>">
	<IDEDistributionContext: 0x51c70a710; archive = "<IDEArchive: 0x6001f48d9080>", distributionMethod="<IDEDistributionMethodDevelopmentSigned: 0x6000b2f13a10>", team="<IDEProvisioningDisambiguatableBasicTeam: 0x600003099d40; teamID='8LTN4Q26AJ', teamName='Maharashtra Metro Rail Corp Ltd', teamType='Company', username='pankaj.yadav@mahametro.org', isFreeProvisioningTeam='0'>">
	<IDEDistributionContext: 0x51c70a2a0; archive = "<IDEArchive: 0x6001f48d9080>", distributionMethod="<IDEDistributionMethodDevelopmentSigned: 0x6000b2f13a10>", team="(null)">
	<IDEDistributionContext: 0x467c47fb0; archive = "<IDEArchive: 0x6001f48d9080>", distributionMethod="<IDEDistributionMethodDevelopmentSigned: 0x6000b2f13a10>", team="(null)">
	<IDEDistributionContext: 0x45c584330; archive = "<IDEArchive: 0x6001f48d9080>", distributionMethod="<IDEDistributionMethodDevelopmentSigned: 0x6000b2f13a10>", team="(null)">
	<IDEDistributionContext: 0x4690b1090; archive = "<IDEArchive: 0x6001f48d9080>", distributionMethod="<IDEDistributionMethodDevelopmentSigned: 0x6000b2f13a10>", team="(null)">
	<IDEDistributionContext: 0x459a593c0; archive = "<IDEArchive: 0x6001f48d9080>", distributionMethod="(null)", team="(null)">
</IDEDistributionProcessingPipelineContext: 0x51c7ce090>
2023-05-19 11:28:42 +0000  Processing step: IDEDistributionCreateDestRootStep
2023-05-19 11:28:42 +0000  Processing step: IDEDistributionCopyItemStep
2023-05-19 11:28:42 +0000  Running /usr/bin/ditto '-V' '/Users/abhayjeetsingh/Library/Developer/Xcode/Archives/2023-05-19/FutalaLake 19-05-23, 4.58 PM.xcarchive/Products/Applications/FutalaLake.app' '/var/folders/y8/psk8b24x2x508wz2mwszt4bc0000gp/T/XcodeDistPipeline.~~~cRWj1Z/Root/Payload/FutalaLake.app'
2023-05-19 11:28:42 +0000  >>> Copying /Users/abhayjeetsingh/Library/Developer/Xcode/Archives/2023-05-19/FutalaLake 19-05-23, 4.58 PM.xcarchive/Products/Applications/FutalaLake.app 
2023-05-19 11:28:42 +0000  copying file ./_CodeSignature/CodeResources ... 
2023-05-19 11:28:42 +0000  2317 bytes for ./_CodeSignature/CodeResources
2023-05-19 11:28:42 +0000  copying file ./FutalaLake ... 
2023-05-19 11:28:42 +0000  1346272 bytes for ./FutalaLake
2023-05-19 11:28:42 +0000  copying file ./Assets.car ... 
2023-05-19 11:28:42 +0000  3175759 bytes for ./Assets.car
2023-05-19 11:28:42 +0000  copying file ./embedded.mobileprovision ... 
22150 bytes for ./embedded.mobileprovision
copying file ./Info.plist ... 
1152 bytes for ./Info.plist
copying file ./PkgInfo ... 
2023-05-19 11:28:42 +0000  8 bytes for ./PkgInfo
2023-05-19 11:28:42 +0000  /usr/bin/ditto exited with 0
2023-05-19 11:28:42 +0000  Processing step: IDEDistributionEmbedProfileStep
2023-05-19 11:28:42 +0000  Processing step: IDEDistributionInfoPlistStep
2023-05-19 11:28:42 +0000  Skipping step: IDEDistributionInfoPlistStep because it said so
2023-05-19 11:28:42 +0000  Processing step: IDEDistributionAppThinningPlistStep
2023-05-19 11:28:42 +0000  Skipping step: IDEDistributionAppThinningPlistStep because it said so
2023-05-19 11:28:42 +0000  Processing step: IDEDistributionCompileBitcodeStep
2023-05-19 11:28:42 +0000  Skipping step: IDEDistributionCompileBitcodeStep because it said so
2023-05-19 11:28:42 +0000  Processing step: IDEDistributionCodeSlimmingStep
2023-05-19 11:28:42 +0000  Processing step: IDEDistributionCopyBCSymbolMapsStep
2023-05-19 11:28:42 +0000  Skipping step: IDEDistributionCopyBCSymbolMapsStep because it said so
2023-05-19 11:28:42 +0000  Processing step: IDEDistributionSymbolsStep
2023-05-19 11:28:42 +0000  Skipping step: IDEDistributionSymbolsStep because it said so
2023-05-19 11:28:42 +0000  Processing step: IDEDistributionAppThinningStep
2023-05-19 11:28:42 +0000  Skipping step: IDEDistributionAppThinningStep because it said so
2023-05-19 11:28:42 +0000  Processing step: IDEDistributionArchThinningStep
2023-05-19 11:28:42 +0000  Running /Applications/Xcode.app/Contents/Developer/Toolchains/XcodeDefault.xctoolchain/usr/bin/lipo '/var/folders/y8/psk8b24x2x508wz2mwszt4bc0000gp/T/XcodeDistPipeline.~~~cRWj1Z/Root/Payload/FutalaLake.app/FutalaLake' '-verify_arch' 'arm64e'
2023-05-19 11:28:42 +0000  /Applications/Xcode.app/Contents/Developer/Toolchains/XcodeDefault.xctoolchain/usr/bin/lipo exited with 1
2023-05-19 11:28:42 +0000  Skipping architecture thinning for item "FutalaLake" because arch "arm64e" wasn't found
2023-05-19 11:28:42 +0000  Processing step: IDEDistributionODRStep
2023-05-19 11:28:42 +0000  Processing step: IDEDistributionStripXattrsStep
2023-05-19 11:28:42 +0000  Running /usr/bin/xattr '-crs' '/var/folders/y8/psk8b24x2x508wz2mwszt4bc0000gp/T/XcodeDistPipeline.~~~cRWj1Z/Root/Payload/FutalaLake.app'
2023-05-19 11:28:42 +0000  /usr/bin/xattr exited with 0
2023-05-19 11:28:42 +0000  Processing step: IDEDistributionCodesignStep
2023-05-19 11:28:42 +0000  Entitlements for <IDEDistributionItem: 0x6001f48d9d40; bundleID='test.FutalaLake', path='<DVTFilePath:0x600070475810:'/Users/abhayjeetsingh/Library/Developer/Xcode/Archives/2023-05-19/FutalaLake 19-05-23, 4.58 PM.xcarchive/Products/Applications/FutalaLake.app'>', codeSigningInfo='<_DVTCodeSigningInformation_Path: 0x600208cf44b0; isSigned='1', isAdHocSigned='0', signingCertificate='<DVTSigningCertificate: 0x60004db2a680; name='Apple Development: Pankaj Yadav (SS3W45D93C)', hash='C39FC4EC71CDE1D5DA1D7F77AC35695ECB4F8F7D', serialNumber='76782B41A8F4DA69123A664E0676F35B', certificateKinds='(
    "1.2.840.113635.100.6.1.12",
    "1.2.840.113635.100.6.1.2"
), issueDate='2022-12-01 05:24:52 +0000''>', entitlements='{
    "application-identifier" = "8LTN4Q26AJ.test.FutalaLake";
    "com.apple.developer.team-identifier" = 8LTN4Q26AJ;
    "get-task-allow" = 1;
}', teamID='8LTN4Q26AJ', identifier='test.FutalaLake', executablePath='<DVTFilePath:0x6000f4772840:'/Users/abhayjeetsingh/Library/Developer/Xcode/Archives/2023-05-19/FutalaLake 19-05-23, 4.58 PM.xcarchive/Products/Applications/FutalaLake.app/FutalaLake'>', hardenedRuntime='0'>'>: {
    "application-identifier" = "8LTN4Q26AJ.test.FutalaLake";
    "com.apple.developer.team-identifier" = 8LTN4Q26AJ;
    "get-task-allow" = 1;
}
2023-05-19 11:28:42 +0000  Entitlements for <IDEDistributionItem: 0x6001f48d9d40; bundleID='test.FutalaLake', path='<DVTFilePath:0x600070475810:'/Users/abhayjeetsingh/Library/Developer/Xcode/Archives/2023-05-19/FutalaLake 19-05-23, 4.58 PM.xcarchive/Products/Applications/FutalaLake.app'>', codeSigningInfo='<_DVTCodeSigningInformation_Path: 0x600208cf44b0; isSigned='1', isAdHocSigned='0', signingCertificate='<DVTSigningCertificate: 0x60004db293f0; name='Apple Development: Pankaj Yadav (SS3W45D93C)', hash='C39FC4EC71CDE1D5DA1D7F77AC35695ECB4F8F7D', serialNumber='76782B41A8F4DA69123A664E0676F35B', certificateKinds='(
    "1.2.840.113635.100.6.1.12",
    "1.2.840.113635.100.6.1.2"
), issueDate='2022-12-01 05:24:52 +0000''>', entitlements='{
    "application-identifier" = "8LTN4Q26AJ.test.FutalaLake";
    "com.apple.developer.team-identifier" = 8LTN4Q26AJ;
    "get-task-allow" = 1;
}', teamID='8LTN4Q26AJ', identifier='test.FutalaLake', executablePath='<DVTFilePath:0x6000f4772840:'/Users/abhayjeetsingh/Library/Developer/Xcode/Archives/2023-05-19/FutalaLake 19-05-23, 4.58 PM.xcarchive/Products/Applications/FutalaLake.app/FutalaLake'>', hardenedRuntime='0'>'> are: {
    "application-identifier" = "8LTN4Q26AJ.test.FutalaLake";
    "com.apple.developer.team-identifier" = 8LTN4Q26AJ;
    "get-task-allow" = 1;
}
2023-05-19 11:28:42 +0000  Writing entitlements for <IDEDistributionItem: 0x6001f48d9d40; bundleID='test.FutalaLake', path='<DVTFilePath:0x600070475810:'/Users/abhayjeetsingh/Library/Developer/Xcode/Archives/2023-05-19/FutalaLake 19-05-23, 4.58 PM.xcarchive/Products/Applications/FutalaLake.app'>', codeSigningInfo='<_DVTCodeSigningInformation_Path: 0x600208cf44b0; isSigned='1', isAdHocSigned='0', signingCertificate='<DVTSigningCertificate: 0x60004db28630; name='Apple Development: Pankaj Yadav (SS3W45D93C)', hash='C39FC4EC71CDE1D5DA1D7F77AC35695ECB4F8F7D', serialNumber='76782B41A8F4DA69123A664E0676F35B', certificateKinds='(
    "1.2.840.113635.100.6.1.12",
    "1.2.840.113635.100.6.1.2"
), issueDate='2022-12-01 05:24:52 +0000''>', entitlements='{
    "application-identifier" = "8LTN4Q26AJ.test.FutalaLake";
    "com.apple.developer.team-identifier" = 8LTN4Q26AJ;
    "get-task-allow" = 1;
}', teamID='8LTN4Q26AJ', identifier='test.FutalaLake', executablePath='<DVTFilePath:0x6000f4772840:'/Users/abhayjeetsingh/Library/Developer/Xcode/Archives/2023-05-19/FutalaLake 19-05-23, 4.58 PM.xcarchive/Products/Applications/FutalaLake.app/FutalaLake'>', hardenedRuntime='0'>'> to: /var/folders/y8/psk8b24x2x508wz2mwszt4bc0000gp/T/XcodeDistPipeline.~~~cRWj1Z/entitlements~~~ss5EhM
2023-05-19 11:28:42 +0000  Running /usr/bin/codesign '-vvv' '--force' '--sign' 'C39FC4EC71CDE1D5DA1D7F77AC35695ECB4F8F7D' '--entitlements' '/var/folders/y8/psk8b24x2x508wz2mwszt4bc0000gp/T/XcodeDistPipeline.~~~cRWj1Z/entitlements~~~ss5EhM' '--generate-entitlement-der' '--preserve-metadata=identifier,flags,runtime' '/var/folders/y8/psk8b24x2x508wz2mwszt4bc0000gp/T/XcodeDistPipeline.~~~cRWj1Z/Root/Payload/FutalaLake.app'
2023-05-19 11:28:42 +0000  /var/folders/y8/psk8b24x2x508wz2mwszt4bc0000gp/T/XcodeDistPipeline.~~~cRWj1Z/Root/Payload/FutalaLake.app: replacing existing signature
2023-05-19 11:28:42 +0000  /var/folders/y8/psk8b24x2x508wz2mwszt4bc0000gp/T/XcodeDistPipeline.~~~cRWj1Z/Root/Payload/FutalaLake.app: signed app bundle with Mach-O thin (arm64) [test.FutalaLake]
2023-05-19 11:28:42 +0000  /usr/bin/codesign exited with 0
2023-05-19 11:28:42 +0000  Processing step: IDEDistributionZipODRItemStep
2023-05-19 11:28:42 +0000  Skipping step: IDEDistributionZipODRItemStep because it said so
2023-05-19 11:28:42 +0000  Processing step: IDEDistributionCreateIPAStep
2023-05-19 11:28:42 +0000  Running /usr/bin/ditto '-V' '-c' '-k' '--norsrc' '/var/folders/y8/psk8b24x2x508wz2mwszt4bc0000gp/T/XcodeDistPipeline.~~~cRWj1Z/Root' '/var/folders/y8/psk8b24x2x508wz2mwszt4bc0000gp/T/XcodeDistPipeline.~~~cRWj1Z/Packages/FutalaLake.ipa'
2023-05-19 11:28:42 +0000  >>> Copying /var/folders/y8/psk8b24x2x508wz2mwszt4bc0000gp/T/XcodeDistPipeline.~~~cRWj1Z/Root 
2023-05-19 11:28:42 +0000  copying file ./Payload/FutalaLake.app/_CodeSignature/CodeResources ... 
2023-05-19 11:28:42 +0000  2317 bytes for ./Payload/FutalaLake.app/_CodeSignature/CodeResources
2023-05-19 11:28:42 +0000  copying file ./Payload/FutalaLake.app/FutalaLake ... 
2023-05-19 11:28:42 +0000  1346272 bytes for ./Payload/FutalaLake.app/FutalaLake
2023-05-19 11:28:42 +0000  copying file ./Payload/FutalaLake.app/Assets.car ... 
2023-05-19 11:28:42 +0000  3175759 bytes for ./Payload/FutalaLake.app/Assets.car
2023-05-19 11:28:42 +0000  copying file ./Payload/FutalaLake.app/embedded.mobileprovision ... 
2023-05-19 11:28:42 +0000  22150 bytes for ./Payload/FutalaLake.app/embedded.mobileprovision
2023-05-19 11:28:42 +0000  copying file ./Payload/FutalaLake.app/Info.plist ... 
2023-05-19 11:28:42 +0000  1152 bytes for ./Payload/FutalaLake.app/Info.plist
copying file ./Payload/FutalaLake.app/PkgInfo ... 
2023-05-19 11:28:42 +0000  8 bytes for ./Payload/FutalaLake.app/PkgInfo
2023-05-19 11:28:42 +0000  /usr/bin/ditto exited with 0
2023-05-19 11:28:42 +0000  Processing step: IDEDistributionAppStoreInformationStep
2023-05-19 11:28:42 +0000  Skipping step: IDEDistributionAppStoreInformationStep because it said so
2023-05-19 11:28:42 +0000  Processing step: IDEDistributionGenerateProcessedDistributionItems
2023-05-19 11:28:42 +0000  IDEDistributionItem init <DVTFilePath:0x600070475730:'/var/folders/y8/psk8b24x2x508wz2mwszt4bc0000gp/T/XcodeDistPipeline.~~~cRWj1Z/Root/Payload/FutalaLake.app'>
2023-05-19 11:28:42 +0000  Processing step: IDEDistributionCreateManifestStep
